Exporter version: 2.80.1, Blender version: 2.92.0
========= Conversion from Blender to Babylon.js =========
	Scene settings used :
		Inline textures     :  false
		Material Type       :  PBR
		Positions Precision :  4
		Normals Precision   :  3
		UVs Precision       :  3
		Vert Color Precision:  3
		Mat Weight Precision:  2
		Keep Z-up r-handed  :  no
		Texture directory   :  C:\Users\godef\Desktop\Stage\Blender\Model\
	Python World class constructor completed
	WARNING: No active camera has been assigned, or is not in a currently selected Blender layer
	processing begun of mesh:  Cube.001
		processing begun of material:  Material.012
		processing begun of material:  Material.013
		processing begun of multimaterial:  PieceTAestblend.Multimaterial#0
		Custom split normals with tangents being used
		num positions      :  80
		num normals        :  80
		num tangents       :  320
		num uvs            :  160
		num uvs2           :  0
		num colors         :  0
		num triangles      :  34
	processing begun of mesh:  Cylinder
		processing begun of material:  Material.014
		Custom split normals with tangents being used
		num positions      :  192
		num normals        :  192
		num tangents       :  768
		num uvs            :  384
		num uvs2           :  0
		num colors         :  0
		num triangles      :  124
	processing begun of mesh:  Sphere
		processing begun of material:  Material.015
		Custom split normals with tangents being used
		num positions      :  1984
		num normals        :  1984
		num tangents       :  7936
		num uvs            :  3968
		num uvs2           :  0
		num colors         :  0
		num triangles      :  960
	processing begun of mesh:  Salle0
		processing begun of material:  Material
		num positions      :  143
		num normals        :  143
		num tangents       :  0
		num uvs            :  286
		num uvs2           :  0
		num colors         :  0
		num triangles      :  58
	processing begun of mesh:  Salle1
		processing begun of material:  Material.006
		num positions      :  51
		num normals        :  51
		num tangents       :  0
		num uvs            :  102
		num uvs2           :  0
		num colors         :  0
		num triangles      :  20
	processing begun of mesh:  Cube.002
		processing begun of material:  Material.011
		num positions      :  29
		num normals        :  29
		num tangents       :  0
		num uvs            :  58
		num uvs2           :  0
		num colors         :  0
		num triangles      :  12
	processing begun of mesh:  Cube
		processing begun of material:  Material.005
		processing begun of material:  Material.004
		processing begun of multimaterial:  PieceTAestblend.Multimaterial#1
		num positions      :  84
		num normals        :  84
		num tangents       :  0
		num uvs            :  168
		num uvs2           :  0
		num colors         :  0
		num triangles      :  34
	processing begun of mesh:  Cylinder.001
		processing begun of material:  Material.003
		num positions      :  309
		num normals        :  309
		num tangents       :  0
		num uvs            :  618
		num uvs2           :  0
		num colors         :  0
		num triangles      :  124
	processing begun of mesh:  Sphere.001
		processing begun of material:  Material.002
		num positions      :  2593
		num normals        :  2593
		num tangents       :  0
		num uvs            :  5186
		num uvs2           :  0
		num colors         :  0
		num triangles      :  960
========= Writing of JSON file started =========
	writing mesh:  Cube.001
	writing mesh:  Cylinder
	writing mesh:  Sphere
	writing mesh:  Salle0
	writing mesh:  Salle1
	writing mesh:  Cube.002
	writing mesh:  Cube
	writing mesh:  Cylinder.001
	writing mesh:  Sphere.001
========= Writing of JSON file completed =========
========= end of processing =========
elapsed time:  0 min, 0.3067 secs
